<?xml version="1.0" encoding="UTF-8"?>
<!-- Generated by org.testng.reporters.JUnitReportReporter -->
<testsuite hostname="ATHARVA-PC" failures="0" tests="3" name="roughs.Day1" time="0.020" errors="0" timestamp="2021-11-25T19:44:39 IST" skipped="0">
  <testcase classname="roughs.Day1" name="Perform" time="0.016"/>
  <system-out/>
  <testcase classname="roughs.Day1" name="Open" time="0.002"/>
  <system-out/>
  <testcase classname="roughs.Day1" name="Launch" time="0.002"/>
  <system-out/>
</testsuite> <!-- roughs.Day1 -->
