<?xml version="1.0" encoding="UTF-8"?>
<!-- Generated by org.testng.reporters.JUnitReportReporter -->
<testsuite hostname="ATHARVA-PC" failures="0" tests="1" name="com.testcases.loginPageTests" time="52.043" errors="0" timestamp="2021-11-25T19:37:50 IST" skipped="0">
  <testcase classname="com.testcases.loginPageTests" name="verifyloginFunctionality" time="52.043"/>
  <system-out/>
</testsuite> <!-- com.testcases.loginPageTests -->
