<?xml version="1.0" encoding="UTF-8"?>
<!-- Generated by org.testng.reporters.JUnitReportReporter -->
<testsuite hostname="ATHARVA-PC" failures="0" tests="1" name="com.testcases.LoginPageTest" time="22.652" errors="0" timestamp="2021-11-25T20:48:53 IST" skipped="0">
  <testcase classname="com.testcases.LoginPageTest" name="verifyLoginFunctionality" time="22.652"/>
  <system-out/>
</testsuite> <!-- com.testcases.LoginPageTest -->
