<?xml version="1.0" encoding="UTF-8"?>
<!-- Generated by org.testng.reporters.JUnitReportReporter -->
<testsuite hostname="ATHARVA-PC" failures="0" tests="1" name="com.testcases.HomePageTests" time="76.787" errors="0" timestamp="2021-11-08T12:05:14 IST" skipped="0">
  <testcase classname="com.testcases.HomePageTests" name="verifyHomePageTitle" time="76.787"/>
  <system-out/>
</testsuite> <!-- com.testcases.HomePageTests -->
